[19:59:44] [main/DEBUG] [FML/]: Injecting tracing printstreams for STDOUT/STDERR.
[19:59:44] [main/INFO] [FML/]: Forge Mod Loader version 14.21.0.2331 for Minecraft 1.12 loading
[19:59:44] [main/INFO] [FML/]: Java is Java HotSpot(TM) 64-Bit Server VM, version 1.8.0_131, running on Mac OS X:x86_64:10.12.5, installed at /Library/Internet Plug-Ins/JavaAppletPlugin.plugin/Contents/Home
[19:59:44] [main/DEBUG] [FML/]: Java classpath at launch is /Users/rito/Desktop/HenryCraft_Server_1.12.1_withMODs/forge-1.12-14.21.0.2331-universal.jar
[19:59:44] [main/DEBUG] [FML/]: Java library path at launch is /Users/rito/Library/Java/Extensions:/Library/Java/Extensions:/Network/Library/Java/Extensions:/System/Library/Java/Extensions:/usr/lib/java:.
[19:59:44] [main/DEBUG] [FML/]: Enabling runtime deobfuscation
[19:59:44] [main/DEBUG] [FML/]: Instantiating coremod class FMLCorePlugin
[19:59:44] [main/DEBUG] [FML/]: Added access transformer class net.minecraftforge.fml.common.asm.transformers.AccessTransformer to enqueued access transformers
[19:59:44] [main/DEBUG] [FML/]: Enqueued coremod FMLCorePlugin
[19:59:44] [main/DEBUG] [FML/]: Instantiating coremod class FMLForgePlugin
[19:59:44] [main/DEBUG] [FML/]: Enqueued coremod FMLForgePlugin
[19:59:44] [main/DEBUG] [FML/]: All fundamental core mods are successfully located
[19:59:44] [main/DEBUG] [FML/]: Attempting to load commandline specified mods, relative to /Users/rito/Desktop/HenryCraft_Server_1.12.1_withMODs/.
[19:59:44] [main/DEBUG] [FML/]: Adding net.minecraftforge:MercuriusUpdater (/Users/rito/Desktop/HenryCraft_Server_1.12.1_withMODs/libraries/net/minecraftforge/MercuriusUpdater/1.12/MercuriusUpdater-1.12.jar) to the mod list
[19:59:44] [main/DEBUG] [FML/]: Discovering coremods
[19:59:44] [main/DEBUG] [FML/]: Examining for coremod candidacy MercuriusUpdater-1.12.jar
[19:59:44] [main/DEBUG] [FML/]: Not found coremod data in MercuriusUpdater-1.12.jar
[19:59:44] [main/INFO] [LaunchWrapper/]: Loading tweak class name net.minecraftforge.fml.common.launcher.FMLInjectionAndSortingTweaker
[19:59:44] [main/INFO] [LaunchWrapper/]: Loading tweak class name net.minecraftforge.fml.common.launcher.FMLDeobfTweaker
[19:59:44] [main/INFO] [LaunchWrapper/]: Calling tweak class net.minecraftforge.fml.common.launcher.FMLInjectionAndSortingTweaker
[19:59:44] [main/INFO] [LaunchWrapper/]: Calling tweak class net.minecraftforge.fml.common.launcher.FMLInjectionAndSortingTweaker
[19:59:44] [main/INFO] [LaunchWrapper/]: Calling tweak class net.minecraftforge.fml.relauncher.CoreModManager$FMLPluginWrapper
[19:59:44] [main/DEBUG] [FML/]: Injecting coremod FMLCorePlugin {net.minecraftforge.fml.relauncher.FMLCorePlugin} class transformers
[19:59:44] [main/TRACE] [FML/]: Registering transformer net.minecraftforge.fml.common.asm.transformers.BlamingTransformer
[19:59:44] [main/TRACE] [FML/]: Registering transformer net.minecraftforge.fml.common.asm.transformers.SideTransformer
[19:59:44] [main/TRACE] [FML/]: Registering transformer net.minecraftforge.fml.common.asm.transformers.EventSubscriptionTransformer
[19:59:44] [main/TRACE] [FML/]: Registering transformer net.minecraftforge.fml.common.asm.transformers.EventSubscriberTransformer
[19:59:44] [main/DEBUG] [FML/]: Injection complete
[19:59:44] [main/DEBUG] [FML/]: Running coremod plugin for FMLCorePlugin {net.minecraftforge.fml.relauncher.FMLCorePlugin}
[19:59:44] [main/DEBUG] [FML/]: Running coremod plugin FMLCorePlugin
[19:59:46] [main/DEBUG] [FML/]: Read 991 binary patches
[19:59:46] [main/DEBUG] [FML/]: Loading deobfuscation resource /deobfuscation_data-1.12.lzma with 36066 records
[19:59:47] [main/INFO] [FML/]: Found valid fingerprint for Minecraft Forge. Certificate fingerprint e3c3d50c7c986df74c645c0ac54639741c90a557
[19:59:47] [main/DEBUG] [FML/]: Coremod plugin class FMLCorePlugin run successfully
[19:59:47] [main/INFO] [LaunchWrapper/]: Calling tweak class net.minecraftforge.fml.relauncher.CoreModManager$FMLPluginWrapper
[19:59:47] [main/DEBUG] [FML/]: Injecting coremod FMLForgePlugin {net.minecraftforge.classloading.FMLForgePlugin} class transformers
[19:59:47] [main/DEBUG] [FML/]: Injection complete
[19:59:47] [main/DEBUG] [FML/]: Running coremod plugin for FMLForgePlugin {net.minecraftforge.classloading.FMLForgePlugin}
[19:59:47] [main/DEBUG] [FML/]: Running coremod plugin FMLForgePlugin
[19:59:47] [main/DEBUG] [FML/]: Coremod plugin class FMLForgePlugin run successfully
[19:59:47] [main/INFO] [LaunchWrapper/]: Calling tweak class net.minecraftforge.fml.common.launcher.FMLDeobfTweaker
[19:59:47] [main/DEBUG] [FML/]: Loaded 203 rules from AccessTransformer config file forge_at.cfg
[19:59:47] [main/DEBUG] [FML/]: Validating minecraft
[19:59:48] [main/DEBUG] [FML/]: Minecraft validated, launching...
[19:59:48] [main/INFO] [LaunchWrapper/]: Loading tweak class name net.minecraftforge.fml.common.launcher.TerminalTweaker
[19:59:49] [main/INFO] [LaunchWrapper/]: Calling tweak class net.minecraftforge.fml.common.launcher.TerminalTweaker
[19:59:49] [main/INFO] [LaunchWrapper/]: Launching wrapped minecraft {net.minecraft.server.MinecraftServer}
[20:00:03] [main/DEBUG] [FML/]: Creating vanilla freeze snapshot
[20:00:03] [main/DEBUG] [FML/]: Vanilla freeze snapshot created
