[20:02:08] [Server thread/INFO]: Starting minecraft server version 1.12
[20:02:21] [Server thread/INFO]: Loading properties
[20:02:22] [Server thread/INFO]: Default game type: SURVIVAL
[20:02:22] [Server thread/INFO]: Generating keypair
[20:02:22] [Server thread/INFO]: Starting Minecraft server on *:25565
[20:02:22] [Server thread/INFO]: Using default channel type
[20:02:31] [Server thread/INFO]: Preparing level "world"
[20:02:34] [Server thread/INFO]: Loaded 488 advancements
[20:02:37] [Server thread/INFO]: Preparing start region for level 0
[20:02:38] [Server thread/INFO]: Preparing spawn area: 3%
[20:02:39] [Server thread/INFO]: Preparing spawn area: 4%
[20:02:41] [Server thread/INFO]: Preparing spawn area: 4%
[20:02:42] [Server thread/INFO]: Preparing spawn area: 6%
[20:02:43] [Server thread/INFO]: Preparing spawn area: 7%
[20:02:44] [Server thread/INFO]: Preparing spawn area: 9%
[20:02:45] [Server thread/INFO]: Preparing spawn area: 11%
[20:02:46] [Server thread/INFO]: Preparing spawn area: 14%
[20:02:47] [Server thread/INFO]: Preparing spawn area: 16%
[20:02:48] [Server thread/INFO]: Preparing spawn area: 19%
[20:02:49] [Server thread/INFO]: Preparing spawn area: 21%
[20:02:51] [Server thread/INFO]: Preparing spawn area: 23%
[20:02:52] [Server thread/INFO]: Preparing spawn area: 25%
[20:02:53] [Server thread/INFO]: Preparing spawn area: 27%
[20:02:54] [Server thread/INFO]: Preparing spawn area: 30%
[20:02:55] [Server thread/INFO]: Preparing spawn area: 31%
[20:02:56] [Server thread/INFO]: Preparing spawn area: 34%
[20:02:57] [Server thread/INFO]: Preparing spawn area: 35%
[20:02:58] [Server thread/INFO]: Preparing spawn area: 39%
[20:02:59] [Server thread/INFO]: Preparing spawn area: 42%
[20:03:00] [Server thread/INFO]: Preparing spawn area: 44%
[20:03:01] [Server thread/INFO]: Preparing spawn area: 47%
[20:03:03] [Server thread/INFO]: Preparing spawn area: 48%
[20:03:04] [Server thread/INFO]: Preparing spawn area: 51%
[20:03:05] [Server thread/INFO]: Preparing spawn area: 52%
[20:03:06] [Server thread/INFO]: Preparing spawn area: 53%
[20:03:07] [Server thread/INFO]: Preparing spawn area: 56%
[20:03:08] [Server thread/INFO]: Preparing spawn area: 58%
[20:03:09] [Server thread/INFO]: Preparing spawn area: 60%
[20:03:10] [Server thread/INFO]: Preparing spawn area: 62%
[20:03:11] [Server thread/INFO]: Preparing spawn area: 65%
[20:03:12] [Server thread/INFO]: Preparing spawn area: 67%
[20:03:13] [Server thread/INFO]: Preparing spawn area: 70%
[20:03:14] [Server thread/INFO]: Preparing spawn area: 73%
[20:03:15] [Server thread/INFO]: Preparing spawn area: 75%
[20:03:16] [Server thread/INFO]: Preparing spawn area: 77%
[20:03:17] [Server thread/INFO]: Preparing spawn area: 79%
[20:03:18] [Server thread/INFO]: Preparing spawn area: 82%
[20:03:19] [Server thread/INFO]: Preparing spawn area: 82%
[20:03:21] [Server thread/INFO]: Preparing spawn area: 87%
[20:03:22] [Server thread/INFO]: Preparing spawn area: 87%
[20:03:23] [Server thread/INFO]: Preparing spawn area: 92%
[20:03:24] [Server thread/INFO]: Preparing spawn area: 94%
[20:03:25] [Server thread/INFO]: Preparing spawn area: 96%
[20:03:26] [Server thread/INFO]: Preparing spawn area: 97%
[20:03:27] [Server thread/INFO]: Preparing spawn area: 99%
[20:03:28] [Server thread/INFO]: Done (57,473s)! For help, type "help" or "?"
[20:03:28] [Server Watchdog/INFO]: [STDERR]: java.lang.IllegalArgumentException: timeout value is negative
[20:03:28] [Server Watchdog/INFO]: [STDERR]: 	at java.lang.Thread.sleep(Native Method)
[20:03:28] [Server Watchdog/INFO]: [STDERR]: 	at net.minecraft.server.dedicated.ServerHangWatchdog.run(ServerHangWatchdog.java:83)
[20:03:28] [Server Watchdog/INFO]: [STDERR]: 	at java.lang.Thread.run(Thread.java:748)
[20:03:36] [Server thread/WARN]: Can't keep up! Did the system time change, or is the server overloaded? Running 7110ms behind, skipping 142 tick(s)
[20:07:47] [Server thread/INFO]: Stopping server
[20:07:47] [Server thread/INFO]: Saving players
[20:07:47] [Server thread/INFO]: Saving worlds
[20:07:47] [Server thread/INFO]: Saving chunks for level 'world'/overworld
[20:07:47] [Server thread/INFO]: Saving chunks for level 'world'/the_nether
[20:07:47] [Server thread/INFO]: Saving chunks for level 'world'/the_end
[20:07:47] [Server Shutdown Thread/INFO]: Stopping server
[20:07:47] [Server Shutdown Thread/INFO]: Saving players
[20:07:47] [Server Shutdown Thread/INFO]: Saving worlds
